build/app/intermediates/manifest_merge_blame_file/debug/manifest-merger-blame-debug-report.txt
1<?xml version="1.0" encoding="utf-8"?>
2<manifest xmlns:android="http://schemas.android.com/apk/res/android"
3    package="com.neo.neo_wallet"
4    android:versionCode="1"
5    android:versionName="1.0.0" >
6
7    <uses-sdk
8        android:minSdkVersion="21"
9        android:targetSdkVersion="30" />
10    <!--
11         Flutter needs it to communicate with the running application
12         to allow setting breakpoints, to provide hot reload, etc.
13    -->
14    <uses-permission android:name="android.permission.INTERNET" />
14-->src/main/AndroidManifest.xml:3:3-65
14-->src/main/AndroidManifest.xml:3:20-62
15    <uses-permission android:name="android.permission.WAKE_LOCK" />
15-->[:firebase_messaging] AndroidManifest.xml:8:5-68
15-->[:firebase_messaging] AndroidManifest.xml:8:22-65
16    <uses-permission android:name="android.permission.ACCESS_NETWORK_STATE" /> <!-- Permissions options for the `notification` group -->
16-->[:firebase_messaging] AndroidManifest.xml:9:5-79
16-->[:firebase_messaging] AndroidManifest.xml:9:22-76
17    <uses-permission android:name="android.permission.POST_NOTIFICATIONS" />
17-->[:firebase_messaging] AndroidManifest.xml:11:5-77
17-->[:firebase_messaging] AndroidManifest.xml:11:22-74
18    <uses-permission android:name="android.permission.CAMERA" />
18-->[:flutter_barcode_scanner] AndroidManifest.xml:9:5-65
18-->[:flutter_barcode_scanner] AndroidManifest.xml:9:22-62
19
20    <uses-feature android:name="android.hardware.camera" />
20-->[:flutter_barcode_scanner] AndroidManifest.xml:11:5-60
20-->[:flutter_barcode_scanner] AndroidManifest.xml:11:19-57
21
22    <uses-permission android:name="android.permission.FLASHLIGHT" /> <!-- Required by older versions of Google Play services to create IID tokens -->
22-->[:flutter_barcode_scanner] AndroidManifest.xml:13:5-69
22-->[:flutter_barcode_scanner] AndroidManifest.xml:13:22-66
23    <uses-permission android:name="com.google.android.c2dm.permission.RECEIVE" />
23-->[com.google.firebase:firebase-messaging:23.0.7] AndroidManifest.xml:29:5-82
23-->[com.google.firebase:firebase-messaging:23.0.7] AndroidManifest.xml:29:22-79
24
25    <application
25-->src/main/AndroidManifest.xml:6:3-31:17
26        android:appComponentFactory="androidx.core.app.CoreComponentFactory"
26-->[androidx.core:core:1.8.0] AndroidManifest.xml:24:18-86
27        android:debuggable="true"
28        android:icon="@mipmap/ic_launcher_square"
28-->src/main/AndroidManifest.xml:8:7-48
29        android:label="N.E.O."
29-->src/main/AndroidManifest.xml:7:7-29
30        android:largeHeap="true"
30-->[:flutter_barcode_scanner] AndroidManifest.xml:16:9-33
31        android:roundIcon="@mipmap/ic_launcher_round"
31-->src/main/AndroidManifest.xml:9:7-52
32        android:theme="@style/Theme.AppCompat.NoActionBar" >
32-->[:flutter_barcode_scanner] AndroidManifest.xml:17:9-59
33        <activity
33-->src/main/AndroidManifest.xml:11:5-27:16
34            android:name="com.neo.neo_wallet.MainActivity"
34-->src/main/AndroidManifest.xml:11:15-43
35            android:configChanges="orientation|keyboardHidden|keyboard|screenSize|smallestScreenSize|locale|layoutDirection|fontScale|screenLayout|density|uiMode"
35-->src/main/AndroidManifest.xml:11:110-260
36            android:hardwareAccelerated="true"
36-->src/main/AndroidManifest.xml:11:261-295
37            android:launchMode="singleTop"
37-->src/main/AndroidManifest.xml:11:44-74
38            android:theme="@style/LaunchTheme"
38-->src/main/AndroidManifest.xml:11:75-109
39            android:windowSoftInputMode="adjustResize" >
39-->src/main/AndroidManifest.xml:11:296-338
40
41            <!--
42           Specifies an Android theme to apply to this Activity as soon as
43                 the Android process has started. This theme is visible to the user
44                 while the Flutter UI initializes. After that, this theme continues
45                 to determine the Window background behind the Flutter UI.
46            -->
47            <meta-data
47-->src/main/AndroidManifest.xml:16:7-114
48                android:name="io.flutter.embedding.android.NormalTheme"
48-->src/main/AndroidManifest.xml:16:18-73
49                android:resource="@style/NormalTheme" />
49-->src/main/AndroidManifest.xml:16:74-111
50            <!--
51           Displays an Android View that continues showing the launch screen
52                 Drawable until Flutter paints its first frame, then this splash
53                 screen fades out. A splash screen is useful to avoid any visual
54                 gap between the end of Android's launch screen and the painting of
55                 Flutter's first frame.
56            -->
57            <meta-data
57-->src/main/AndroidManifest.xml:22:7-132
58                android:name="io.flutter.embedding.android.SplashScreenDrawable"
58-->src/main/AndroidManifest.xml:22:18-82
59                android:resource="@drawable/launch_background" />
59-->src/main/AndroidManifest.xml:22:83-129
60
61            <intent-filter>
61-->src/main/AndroidManifest.xml:23:7-26:23
62                <action android:name="android.intent.action.MAIN" />
62-->src/main/AndroidManifest.xml:24:9-61
62-->src/main/AndroidManifest.xml:24:17-58
63
64                <category android:name="android.intent.category.LAUNCHER" />
64-->src/main/AndroidManifest.xml:25:9-69
64-->src/main/AndroidManifest.xml:25:19-66
65            </intent-filter>
66        </activity>
67        <!--
68         Don't delete the meta-data below.
69             This is used by the Flutter tool to generate GeneratedPluginRegistrant.java
70        -->
71        <meta-data
71-->src/main/AndroidManifest.xml:30:5-68
72            android:name="flutterEmbedding"
72-->src/main/AndroidManifest.xml:30:16-47
73            android:value="2" />
73-->src/main/AndroidManifest.xml:30:48-65
74
75        <service
75-->[:firebase_messaging] AndroidManifest.xml:14:9-17:72
76            android:name="io.flutter.plugins.firebase.messaging.FlutterFirebaseMessagingBackgroundService"
76-->[:firebase_messaging] AndroidManifest.xml:15:13-107
77            android:exported="false"
77-->[:firebase_messaging] AndroidManifest.xml:16:13-37
78            android:permission="android.permission.BIND_JOB_SERVICE" />
78-->[:firebase_messaging] AndroidManifest.xml:17:13-69
79        <service
79-->[:firebase_messaging] AndroidManifest.xml:18:9-24:19
80            android:name="io.flutter.plugins.firebase.messaging.FlutterFirebaseMessagingService"
80-->[:firebase_messaging] AndroidManifest.xml:19:13-97
81            android:exported="false" >
81-->[:firebase_messaging] AndroidManifest.xml:20:13-37
82            <intent-filter>
82-->[:firebase_messaging] AndroidManifest.xml:21:13-23:29
83                <action android:name="com.google.firebase.MESSAGING_EVENT" />
83-->[:firebase_messaging] AndroidManifest.xml:22:17-78
83-->[:firebase_messaging] AndroidManifest.xml:22:25-75
84            </intent-filter>
85        </service>
86
87        <receiver
87-->[:firebase_messaging] AndroidManifest.xml:26:9-33:20
88            android:name="io.flutter.plugins.firebase.messaging.FlutterFirebaseMessagingReceiver"
88-->[:firebase_messaging] AndroidManifest.xml:27:13-98
89            android:exported="true"
89-->[:firebase_messaging] AndroidManifest.xml:28:13-36
90            android:permission="com.google.android.c2dm.permission.SEND" >
90-->[:firebase_messaging] AndroidManifest.xml:29:13-73
91            <intent-filter>
91-->[:firebase_messaging] AndroidManifest.xml:30:13-32:29
92                <action android:name="com.google.android.c2dm.intent.RECEIVE" />
92-->[:firebase_messaging] AndroidManifest.xml:31:17-81
92-->[:firebase_messaging] AndroidManifest.xml:31:25-78
93            </intent-filter>
94        </receiver>
95
96        <service
96-->[:firebase_messaging] AndroidManifest.xml:35:9-39:19
97            android:name="com.google.firebase.components.ComponentDiscoveryService"
97-->[:firebase_messaging] AndroidManifest.xml:35:18-89
98            android:directBootAware="true"
98-->[com.google.firebase:firebase-common:20.1.1] AndroidManifest.xml:35:13-43
99            android:exported="false" >
99-->[com.google.firebase:firebase-messaging:23.0.7] AndroidManifest.xml:55:13-37
100            <meta-data
100-->[:firebase_messaging] AndroidManifest.xml:36:13-38:85
101                android:name="com.google.firebase.components:io.flutter.plugins.firebase.messaging.FlutterFirebaseAppRegistrar"
101-->[:firebase_messaging] AndroidManifest.xml:37:17-128
102                android:value="com.google.firebase.components.ComponentRegistrar" />
102-->[:firebase_messaging] AndroidManifest.xml:38:17-82
103            <meta-data
103-->[:firebase_core] AndroidManifest.xml:9:13-11:85
104                android:name="com.google.firebase.components:io.flutter.plugins.firebase.core.FlutterFirebaseCoreRegistrar"
104-->[:firebase_core] AndroidManifest.xml:10:17-124
105                android:value="com.google.firebase.components.ComponentRegistrar" />
105-->[:firebase_core] AndroidManifest.xml:11:17-82
106            <meta-data
106-->[com.google.firebase:firebase-messaging:23.0.7] AndroidManifest.xml:56:13-58:85
107                android:name="com.google.firebase.components:com.google.firebase.messaging.FirebaseMessagingRegistrar"
107-->[com.google.firebase:firebase-messaging:23.0.7] AndroidManifest.xml:57:17-119
108                android:value="com.google.firebase.components.ComponentRegistrar" />
108-->[com.google.firebase:firebase-messaging:23.0.7] AndroidManifest.xml:58:17-82
109            <meta-data
109-->[com.google.firebase:firebase-datatransport:18.1.5] AndroidManifest.xml:28:13-30:85
110                android:name="com.google.firebase.components:com.google.firebase.datatransport.TransportRegistrar"
110-->[com.google.firebase:firebase-datatransport:18.1.5] AndroidManifest.xml:29:17-115
111                android:value="com.google.firebase.components.ComponentRegistrar" />
111-->[com.google.firebase:firebase-datatransport:18.1.5] AndroidManifest.xml:30:17-82
112            <meta-data
112-->[com.google.firebase:firebase-installations:17.0.1] AndroidManifest.xml:18:13-20:85
113                android:name="com.google.firebase.components:com.google.firebase.installations.FirebaseInstallationsRegistrar"
113-->[com.google.firebase:firebase-installations:17.0.1] AndroidManifest.xml:19:17-127
114                android:value="com.google.firebase.components.ComponentRegistrar" />
114-->[com.google.firebase:firebase-installations:17.0.1] AndroidManifest.xml:20:17-82
115        </service>
116
117        <provider
117-->[:firebase_messaging] AndroidManifest.xml:41:9-45:38
118            android:name="io.flutter.plugins.firebase.messaging.FlutterFirebaseMessagingInitProvider"
118-->[:firebase_messaging] AndroidManifest.xml:42:13-102
119            android:authorities="com.neo.neo_wallet.flutterfirebasemessaginginitprovider"
119-->[:firebase_messaging] AndroidManifest.xml:43:13-88
120            android:exported="false"
120-->[:firebase_messaging] AndroidManifest.xml:44:13-37
121            android:initOrder="99" />
121-->[:firebase_messaging] AndroidManifest.xml:45:13-35
122
123        <activity android:name="com.amolg.flutterbarcodescanner.BarcodeCaptureActivity" />
123-->[:flutter_barcode_scanner] AndroidManifest.xml:18:9-91
123-->[:flutter_barcode_scanner] AndroidManifest.xml:18:19-88
124
125        <provider
125-->[:image_picker_android] AndroidManifest.xml:8:9-16:20
126            android:name="io.flutter.plugins.imagepicker.ImagePickerFileProvider"
126-->[:image_picker_android] AndroidManifest.xml:9:13-82
127            android:authorities="com.neo.neo_wallet.flutter.image_provider"
127-->[:image_picker_android] AndroidManifest.xml:10:13-74
128            android:exported="false"
128-->[:image_picker_android] AndroidManifest.xml:11:13-37
129            android:grantUriPermissions="true" >
129-->[:image_picker_android] AndroidManifest.xml:12:13-47
130            <meta-data
130-->[:image_picker_android] AndroidManifest.xml:13:13-15:75
131                android:name="android.support.FILE_PROVIDER_PATHS"
131-->[:image_picker_android] AndroidManifest.xml:14:17-67
132                android:resource="@xml/flutter_image_picker_file_paths" />
132-->[:image_picker_android] AndroidManifest.xml:15:17-72
133        </provider>
134
135        <uses-library
135-->[androidx.window:window:1.0.0-beta04] AndroidManifest.xml:25:9-27:40
136            android:name="androidx.window.extensions"
136-->[androidx.window:window:1.0.0-beta04] AndroidManifest.xml:26:13-54
137            android:required="false" />
137-->[androidx.window:window:1.0.0-beta04] AndroidManifest.xml:27:13-37
138        <uses-library
138-->[androidx.window:window:1.0.0-beta04] AndroidManifest.xml:28:9-30:40
139            android:name="androidx.window.sidecar"
139-->[androidx.window:window:1.0.0-beta04] AndroidManifest.xml:29:13-51
140            android:required="false" />
140-->[androidx.window:window:1.0.0-beta04] AndroidManifest.xml:30:13-37
141
142        <receiver
142-->[com.google.firebase:firebase-messaging:23.0.7] AndroidManifest.xml:32:9-39:20
143            android:name="com.google.firebase.iid.FirebaseInstanceIdReceiver"
143-->[com.google.firebase:firebase-messaging:23.0.7] AndroidManifest.xml:33:13-78
144            android:exported="true"
144-->[com.google.firebase:firebase-messaging:23.0.7] AndroidManifest.xml:34:13-36
145            android:permission="com.google.android.c2dm.permission.SEND" >
145-->[com.google.firebase:firebase-messaging:23.0.7] AndroidManifest.xml:35:13-73
146            <intent-filter>
146-->[:firebase_messaging] AndroidManifest.xml:30:13-32:29
147                <action android:name="com.google.android.c2dm.intent.RECEIVE" />
147-->[:firebase_messaging] AndroidManifest.xml:31:17-81
147-->[:firebase_messaging] AndroidManifest.xml:31:25-78
148            </intent-filter>
149        </receiver>
150        <!--
151             FirebaseMessagingService performs security checks at runtime,
152             but set to not exported to explicitly avoid allowing another app to call it.
153        -->
154        <service
154-->[com.google.firebase:firebase-messaging:23.0.7] AndroidManifest.xml:45:9-52:19
155            android:name="com.google.firebase.messaging.FirebaseMessagingService"
155-->[com.google.firebase:firebase-messaging:23.0.7] AndroidManifest.xml:46:13-82
156            android:directBootAware="true"
156-->[com.google.firebase:firebase-messaging:23.0.7] AndroidManifest.xml:47:13-43
157            android:exported="false" >
157-->[com.google.firebase:firebase-messaging:23.0.7] AndroidManifest.xml:48:13-37
158            <intent-filter android:priority="-500" >
158-->[:firebase_messaging] AndroidManifest.xml:21:13-23:29
159                <action android:name="com.google.firebase.MESSAGING_EVENT" />
159-->[:firebase_messaging] AndroidManifest.xml:22:17-78
159-->[:firebase_messaging] AndroidManifest.xml:22:25-75
160            </intent-filter>
161        </service>
162        <service
162-->[com.google.android.datatransport:transport-backend-cct:3.1.6] AndroidManifest.xml:29:9-35:19
163            android:name="com.google.android.datatransport.runtime.backends.TransportBackendDiscovery"
163-->[com.google.android.datatransport:transport-backend-cct:3.1.6] AndroidManifest.xml:30:13-103
164            android:exported="false" >
164-->[com.google.android.datatransport:transport-backend-cct:3.1.6] AndroidManifest.xml:31:13-37
165            <meta-data
165-->[com.google.android.datatransport:transport-backend-cct:3.1.6] AndroidManifest.xml:32:13-34:39
166                android:name="backend:com.google.android.datatransport.cct.CctBackendFactory"
166-->[com.google.android.datatransport:transport-backend-cct:3.1.6] AndroidManifest.xml:33:17-94
167                android:value="cct" />
167-->[com.google.android.datatransport:transport-backend-cct:3.1.6] AndroidManifest.xml:34:17-36
168        </service>
169        <service
169-->[com.google.android.datatransport:transport-runtime:3.1.6] AndroidManifest.xml:26:9-30:19
170            android:name="com.google.android.datatransport.runtime.scheduling.jobscheduling.JobInfoSchedulerService"
170-->[com.google.android.datatransport:transport-runtime:3.1.6] AndroidManifest.xml:27:13-117
171            android:exported="false"
171-->[com.google.android.datatransport:transport-runtime:3.1.6] AndroidManifest.xml:28:13-37
172            android:permission="android.permission.BIND_JOB_SERVICE" >
172-->[com.google.android.datatransport:transport-runtime:3.1.6] AndroidManifest.xml:29:13-69
173        </service>
174
175        <receiver
175-->[com.google.android.datatransport:transport-runtime:3.1.6] AndroidManifest.xml:32:9-34:40
176            android:name="com.google.android.datatransport.runtime.scheduling.jobscheduling.AlarmManagerSchedulerBroadcastReceiver"
176-->[com.google.android.datatransport:transport-runtime:3.1.6] AndroidManifest.xml:33:13-132
177            android:exported="false" />
177-->[com.google.android.datatransport:transport-runtime:3.1.6] AndroidManifest.xml:34:13-37
178
179        <provider
179-->[com.google.firebase:firebase-common:20.1.1] AndroidManifest.xml:26:9-31:39
180            android:name="com.google.firebase.provider.FirebaseInitProvider"
180-->[com.google.firebase:firebase-common:20.1.1] AndroidManifest.xml:27:13-77
181            android:authorities="com.neo.neo_wallet.firebaseinitprovider"
181-->[com.google.firebase:firebase-common:20.1.1] AndroidManifest.xml:28:13-72
182            android:directBootAware="true"
182-->[com.google.firebase:firebase-common:20.1.1] AndroidManifest.xml:29:13-43
183            android:exported="false"
183-->[com.google.firebase:firebase-common:20.1.1] AndroidManifest.xml:30:13-37
184            android:initOrder="100" />
184-->[com.google.firebase:firebase-common:20.1.1] AndroidManifest.xml:31:13-36
185
186        <activity
186-->[com.google.android.gms:play-services-base:18.0.1] AndroidManifest.xml:20:9-22:45
187            android:name="com.google.android.gms.common.api.GoogleApiActivity"
187-->[com.google.android.gms:play-services-base:18.0.1] AndroidManifest.xml:20:19-85
188            android:exported="false"
188-->[com.google.android.gms:play-services-base:18.0.1] AndroidManifest.xml:22:19-43
189            android:theme="@android:style/Theme.Translucent.NoTitleBar" />
189-->[com.google.android.gms:play-services-base:18.0.1] AndroidManifest.xml:21:19-78
190
191        <meta-data
191-->[com.google.android.gms:play-services-basement:18.0.0] AndroidManifest.xml:21:9-23:69
192            android:name="com.google.android.gms.version"
192-->[com.google.android.gms:play-services-basement:18.0.0] AndroidManifest.xml:22:13-58
193            android:value="@integer/google_play_services_version" />
193-->[com.google.android.gms:play-services-basement:18.0.0] AndroidManifest.xml:23:13-66
194    </application>
195
196</manifest>